TN:
SF:src/SigDispersal.sol
DA:43,0
FN:43,SigDispersal.constructor
FNDA:0,SigDispersal.constructor
DA:44,0
DA:45,0
DA:46,0
DA:47,0
DA:51,0
FN:51,SigDispersal.whenActive
FNDA:0,SigDispersal.whenActive
DA:52,0
BRDA:52,0,0,-
DA:62,0
FN:62,SigDispersal.setSigner
FNDA:0,SigDispersal.setSigner
DA:63,0
DA:68,0
FN:68,SigDispersal.setVault
FNDA:0,SigDispersal.setVault
DA:69,0
DA:70,0
DA:74,0
FN:74,SigDispersal.toggleActive
FNDA:0,SigDispersal.toggleActive
DA:75,0
DA:80,0
FN:80,SigDispersal.setToken
FNDA:0,SigDispersal.setToken
DA:81,0
DA:82,0
DA:88,0
FN:88,SigDispersal.setBatchEnabled
FNDA:0,SigDispersal.setBatchEnabled
DA:89,0
DA:90,0
DA:103,0
FN:103,SigDispersal.claim
FNDA:0,SigDispersal.claim
DA:108,0
DA:111,0
DA:113,0
DA:114,0
BRDA:114,1,0,-
DA:115,0
DA:117,0
DA:119,0
DA:121,0
DA:134,0
FN:134,SigDispersal._signatureCheck
FNDA:0,SigDispersal._signatureCheck
DA:141,0
BRDA:141,2,0,-
DA:143,0
DA:144,0
DA:145,0
DA:147,0
BRDA:147,3,0,-
FNF:9
FNH:0
LF:35
LH:0
BRF:4
BRH:0
end_of_record
TN:
SF:src/Staking.sol
DA:91,44
FN:91,Staking.constructor
FNDA:44,Staking.constructor
DA:92,44
DA:97,8
FN:97,Staking.nonZeroAmount
FNDA:8,Staking.nonZeroAmount
DA:98,8
BRDA:98,0,0,1
DA:99,1
DA:108,369
FN:108,Staking.setConfig
FNDA:369,Staking.setConfig
DA:109,368
DA:112,368
BRDA:112,1,0,367
DA:113,367
DA:126,367
DA:127,367
DA:128,367
DA:132,1
BRDA:132,2,0,1
DA:133,1
DA:135,0
DA:136,0
DA:151,24
FN:151,Staking.stake
FNDA:24,Staking.stake
DA:152,23
DA:154,23
BRDA:154,3,0,1
DA:155,1
DA:158,22
BRDA:158,4,0,1
DA:159,1
DA:162,21
DA:164,21
DA:172,21
DA:174,21
DA:176,21
DA:178,21
BRDA:178,5,0,1
DA:179,1
DA:182,20
BRDA:182,6,0,1
DA:183,1
DA:186,19
DA:188,19
DA:191,0
FN:191,Staking.commitStake
FNDA:0,Staking.commitStake
DA:192,0
DA:193,0
BRDA:193,7,0,-
DA:194,0
DA:196,0
DA:198,0
DA:199,0
DA:201,0
DA:210,8
FN:210,Staking.topUpStake
FNDA:8,Staking.topUpStake
DA:211,7
DA:212,7
DA:215,7
BRDA:215,8,0,3
DA:216,3
DA:219,4
DA:220,1
BRDA:220,9,0,1
DA:221,1
DA:224,3
DA:226,3
DA:228,3
DA:229,3
DA:230,3
DA:232,3
DA:234,3
BRDA:234,10,0,1
DA:235,1
DA:238,2
DA:240,2
DA:243,0
FN:243,Staking.requestUnstakeWithCommitment
FNDA:0,Staking.requestUnstakeWithCommitment
DA:250,0
DA:251,0
BRDA:251,11,0,-
DA:252,0
DA:255,0
DA:270,0
DA:272,0
DA:274,0
BRDA:274,12,0,-
DA:275,0
DA:279,0
DA:280,0
DA:287,0
DA:288,0
DA:290,0
DA:297,7
FN:297,Staking.requestUnstake
FNDA:7,Staking.requestUnstake
DA:298,7
DA:299,7
BRDA:299,13,0,1
DA:300,1
DA:303,6
BRDA:303,14,0,1
DA:304,1
DA:307,5
DA:308,5
DA:310,5
DA:312,5
BRDA:312,15,0,2
BRDA:312,15,1,3
DA:313,2
DA:315,3
DA:316,3
DA:323,4
FN:323,Staking.unstake
FNDA:4,Staking.unstake
DA:324,4
DA:325,4
DA:326,4
BRDA:326,16,0,1
DA:327,1
DA:330,3
BRDA:330,17,0,1
DA:331,1
DA:334,2
BRDA:334,18,0,1
DA:335,1
DA:337,1
DA:338,1
DA:348,3
FN:348,Staking.innerUnstake
FNDA:3,Staking.innerUnstake
DA:349,3
DA:350,3
DA:351,3
BRDA:351,19,0,1
DA:352,1
DA:355,2
DA:357,2
DA:358,2
DA:368,7
FN:368,Staking.accured
FNDA:7,Staking.accured
DA:369,12
DA:370,12
DA:371,12
DA:372,12
DA:378,274
FN:378,Staking.calculateAmount
FNDA:274,Staking.calculateAmount
DA:379,289
DA:380,289
DA:381,289
DA:382,289
DA:383,289
DA:385,289
DA:386,289
DA:387,289
DA:389,289
DA:390,289
DA:392,289
DA:393,288
DA:396,44
FN:396,Staking._domainNameAndVersion
FNDA:44,Staking._domainNameAndVersion
DA:403,44
FNF:13
FNH:11
LF:125
LH:101
BRF:21
BRH:18
end_of_record
TN:
SF:test/Staking/interest.t.sol
DA:16,34
FN:16,MockERC20.mint
FNDA:34,MockERC20.mint
DA:17,34
DA:20,0
FN:20,MockERC20.transfer
FNDA:0,MockERC20.transfer
DA:21,0
BRDA:21,0,0,-
BRDA:21,0,1,-
DA:22,0
DA:23,0
DA:24,0
DA:27,3
FN:27,MockERC20.transferFrom
FNDA:3,MockERC20.transferFrom
DA:28,3
BRDA:28,1,0,-
BRDA:28,1,1,3
DA:29,3
BRDA:29,2,0,-
BRDA:29,2,1,3
DA:30,3
DA:31,3
DA:32,3
DA:33,3
DA:36,34
FN:36,MockERC20.approve
FNDA:34,MockERC20.approve
DA:37,34
DA:38,34
FNF:4
FNH:3
LF:17
LH:12
BRF:6
BRH:2
end_of_record
TN:
SF:test/Staking/stake.t.sol
DA:16,109
FN:16,MockERC20.mint
FNDA:109,MockERC20.mint
DA:17,109
DA:20,0
FN:20,MockERC20.transfer
FNDA:0,MockERC20.transfer
DA:21,0
BRDA:21,0,0,-
BRDA:21,0,1,-
DA:22,0
DA:23,0
DA:24,0
DA:27,23
FN:27,MockERC20.transferFrom
FNDA:23,MockERC20.transferFrom
DA:28,23
BRDA:28,1,0,-
BRDA:28,1,1,23
DA:29,23
BRDA:29,2,0,-
BRDA:29,2,1,23
DA:30,23
DA:31,23
DA:32,23
DA:33,23
DA:36,108
FN:36,MockERC20.approve
FNDA:108,MockERC20.approve
DA:37,108
DA:38,108
FNF:4
FNH:3
LF:17
LH:12
BRF:6
BRH:2
end_of_record
