TN:
SF:src/SigDispersal.sol
DA:43,0
FN:43,SigDispersal.constructor
FNDA:0,SigDispersal.constructor
DA:44,0
DA:45,0
DA:46,0
DA:47,0
DA:51,0
FN:51,SigDispersal.whenActive
FNDA:0,SigDispersal.whenActive
DA:52,0
BRDA:52,0,0,-
DA:62,0
FN:62,SigDispersal.setSigner
FNDA:0,SigDispersal.setSigner
DA:63,0
DA:68,0
FN:68,SigDispersal.setVault
FNDA:0,SigDispersal.setVault
DA:69,0
DA:70,0
DA:74,0
FN:74,SigDispersal.toggleActive
FNDA:0,SigDispersal.toggleActive
DA:75,0
DA:80,0
FN:80,SigDispersal.setToken
FNDA:0,SigDispersal.setToken
DA:81,0
DA:82,0
DA:88,0
FN:88,SigDispersal.setBatchEnabled
FNDA:0,SigDispersal.setBatchEnabled
DA:89,0
DA:90,0
DA:103,0
FN:103,SigDispersal.claim
FNDA:0,SigDispersal.claim
DA:108,0
DA:111,0
DA:113,0
DA:114,0
BRDA:114,1,0,-
DA:115,0
DA:117,0
DA:119,0
DA:121,0
DA:134,0
FN:134,SigDispersal._signatureCheck
FNDA:0,SigDispersal._signatureCheck
DA:141,0
BRDA:141,2,0,-
DA:143,0
DA:144,0
DA:145,0
DA:147,0
BRDA:147,3,0,-
FNF:9
FNH:0
LF:35
LH:0
BRF:4
BRH:0
end_of_record
TN:
SF:src/Staking.sol
DA:90,51
FN:90,Staking.constructor
FNDA:51,Staking.constructor
DA:91,51
DA:96,8
FN:96,Staking.nonZeroAmount
FNDA:8,Staking.nonZeroAmount
DA:97,8
BRDA:97,0,0,1
DA:98,1
DA:107,376
FN:107,Staking.setConfig
FNDA:376,Staking.setConfig
DA:108,375
DA:111,375
BRDA:111,1,0,374
DA:112,374
DA:125,374
DA:126,374
DA:127,374
DA:131,1
BRDA:131,2,0,1
DA:132,1
DA:134,0
DA:135,0
DA:150,24
FN:150,Staking.stake
FNDA:24,Staking.stake
DA:151,23
DA:153,23
BRDA:153,3,0,1
DA:154,1
DA:157,22
BRDA:157,4,0,1
DA:158,1
DA:161,21
DA:163,21
DA:171,21
DA:173,21
DA:175,21
DA:177,21
BRDA:177,5,0,1
DA:178,1
DA:181,20
BRDA:181,6,0,1
DA:182,1
DA:185,19
DA:187,19
DA:190,8
FN:190,Staking.commitStake
FNDA:8,Staking.commitStake
DA:191,8
DA:192,2
BRDA:192,7,0,2
DA:193,2
DA:195,6
DA:197,6
DA:198,6
DA:200,6
DA:209,8
FN:209,Staking.topUpStake
FNDA:8,Staking.topUpStake
DA:210,7
DA:211,7
DA:214,7
BRDA:214,8,0,3
DA:215,3
DA:218,4
DA:219,1
BRDA:219,9,0,1
DA:220,1
DA:223,3
DA:225,3
DA:227,3
DA:228,3
DA:229,3
DA:231,3
DA:233,3
BRDA:233,10,0,1
DA:234,1
DA:237,2
DA:239,2
DA:242,5
FN:242,Staking.requestUnstakeWithCommitment
FNDA:5,Staking.requestUnstakeWithCommitment
DA:249,5
DA:250,5
BRDA:250,11,0,1
DA:251,1
DA:254,4
DA:269,4
DA:271,4
DA:273,4
BRDA:273,12,0,2
DA:274,2
DA:278,2
DA:279,2
DA:286,2
DA:287,2
DA:289,2
DA:296,7
FN:296,Staking.requestUnstake
FNDA:7,Staking.requestUnstake
DA:297,9
DA:298,9
BRDA:298,13,0,1
DA:299,1
DA:302,8
BRDA:302,14,0,1
DA:303,1
DA:306,7
DA:307,7
DA:309,7
DA:311,7
BRDA:311,15,0,2
BRDA:311,15,1,5
DA:312,2
DA:314,5
DA:315,5
DA:322,4
FN:322,Staking.unstake
FNDA:4,Staking.unstake
DA:323,4
DA:324,4
DA:325,4
BRDA:325,16,0,1
DA:326,1
DA:329,3
BRDA:329,17,0,1
DA:330,1
DA:333,2
BRDA:333,18,0,1
DA:334,1
DA:336,1
DA:337,1
DA:347,3
FN:347,Staking.innerUnstake
FNDA:3,Staking.innerUnstake
DA:348,3
DA:349,3
DA:350,3
BRDA:350,19,0,1
DA:351,1
DA:354,2
DA:356,2
DA:357,2
DA:367,7
FN:367,Staking.accured
FNDA:7,Staking.accured
DA:368,14
DA:369,14
DA:370,14
DA:371,14
DA:377,274
FN:377,Staking.calculateAmount
FNDA:274,Staking.calculateAmount
DA:378,291
DA:379,291
DA:380,291
DA:381,291
DA:382,291
DA:384,291
DA:385,291
DA:386,291
DA:388,291
DA:389,291
DA:391,291
DA:392,290
DA:395,51
FN:395,Staking._domainNameAndVersion
FNDA:51,Staking._domainNameAndVersion
DA:402,51
FNF:13
FNH:13
LF:125
LH:123
BRF:21
BRH:21
end_of_record
TN:
SF:test/Staking/commitent.t.sol
DA:17,0
FN:17,MockERC20.mint
FNDA:0,MockERC20.mint
DA:18,0
DA:21,0
FN:21,MockERC20.transfer
FNDA:0,MockERC20.transfer
DA:22,0
BRDA:22,0,0,-
BRDA:22,0,1,-
DA:23,0
DA:24,0
DA:25,0
DA:28,0
FN:28,MockERC20.transferFrom
FNDA:0,MockERC20.transferFrom
DA:29,0
BRDA:29,1,0,-
BRDA:29,1,1,-
DA:30,0
BRDA:30,2,0,-
BRDA:30,2,1,-
DA:31,0
DA:32,0
DA:33,0
DA:34,0
DA:37,0
FN:37,MockERC20.approve
FNDA:0,MockERC20.approve
DA:38,0
DA:39,0
FNF:4
FNH:0
LF:17
LH:0
BRF:6
BRH:0
end_of_record
TN:
SF:test/Staking/interest.t.sol
DA:16,34
FN:16,MockERC20.mint
FNDA:34,MockERC20.mint
DA:17,34
DA:20,0
FN:20,MockERC20.transfer
FNDA:0,MockERC20.transfer
DA:21,0
BRDA:21,0,0,-
BRDA:21,0,1,-
DA:22,0
DA:23,0
DA:24,0
DA:27,3
FN:27,MockERC20.transferFrom
FNDA:3,MockERC20.transferFrom
DA:28,3
BRDA:28,1,0,-
BRDA:28,1,1,3
DA:29,3
BRDA:29,2,0,-
BRDA:29,2,1,3
DA:30,3
DA:31,3
DA:32,3
DA:33,3
DA:36,34
FN:36,MockERC20.approve
FNDA:34,MockERC20.approve
DA:37,34
DA:38,34
FNF:4
FNH:3
LF:17
LH:12
BRF:6
BRH:2
end_of_record
TN:
SF:test/Staking/stake.t.sol
DA:16,109
FN:16,MockERC20.mint
FNDA:109,MockERC20.mint
DA:17,109
DA:20,0
FN:20,MockERC20.transfer
FNDA:0,MockERC20.transfer
DA:21,0
BRDA:21,0,0,-
BRDA:21,0,1,-
DA:22,0
DA:23,0
DA:24,0
DA:27,23
FN:27,MockERC20.transferFrom
FNDA:23,MockERC20.transferFrom
DA:28,23
BRDA:28,1,0,-
BRDA:28,1,1,23
DA:29,23
BRDA:29,2,0,-
BRDA:29,2,1,23
DA:30,23
DA:31,23
DA:32,23
DA:33,23
DA:36,108
FN:36,MockERC20.approve
FNDA:108,MockERC20.approve
DA:37,108
DA:38,108
FNF:4
FNH:3
LF:17
LH:12
BRF:6
BRH:2
end_of_record
